<?xml version="1.0" encoding="UTF-8"?>
<coverage generated="1655919606416" clover="3.2.0">
  <project timestamp="1655919606416" name="All files">
    <metrics statements="11" coveredstatements="11" conditionals="14" coveredconditionals="14" methods="2" coveredmethods="2" elements="27" coveredelements="27" complexity="0" loc="11" ncloc="11" packages="1" files="1" classes="1"/>
    <file name="triangle.js" path="C:\Users\filme\Desktop\epicodus\week-5\shape-tracker\src\triangle.js">
      <metrics statements="11" coveredstatements="11" conditionals="14" coveredconditionals="14" methods="2" coveredmethods="2"/>
      <line num="2" count="11" type="stmt"/>
      <line num="3" count="11" type="stmt"/>
      <line num="4" count="11" type="stmt"/>
      <line num="7" count="1" type="stmt"/>
      <line num="8" count="4" type="cond" truecount="2" falsecount="0"/>
      <line num="13" count="1" type="stmt"/>
      <line num="14" count="3" type="cond" truecount="2" falsecount="0"/>
      <line num="19" count="1" type="stmt"/>
      <line num="20" count="2" type="cond" truecount="4" falsecount="0"/>
      <line num="21" count="1" type="stmt"/>
      <line num="23" count="1" type="stmt"/>
    </file>
  </project>
</coverage>
