{"C:\\Users\\filme\\Desktop\\epicodus\\week-5\\rpg\\src\\Character.js": {"path":"C:\\Users\\filme\\Desktop\\epicodus\\week-5\\rpg\\src\\Character.js","statementMap":{},"fnMap":{"0":{"name":"Character","decl":{"start":{"line":1,"column":24},"end":{"line":1,"column":33}},"loc":{"start":{"line":1,"column":36},"end":{"line":3,"column":1}},"line":1}},"branchMap":{},"s":{},"f":{"0":1},"b":{},"_coverageSchema":"43e27e138ebf9cfc5966b082cf9a028302ed4184","hash":"dcc23353cbc917b4542a76937c75b20e2c572703"}
}
