{"C:\\Users\\filme\\Desktop\\epicodus\\week-5\\shape-tracker\\src\\triangle.js": {"path":"C:\\Users\\filme\\Desktop\\epicodus\\week-5\\shape-tracker\\src\\triangle.js","statementMap":{"0":{"start":{"line":2,"column":2},"end":{"line":2,"column":21}},"1":{"start":{"line":3,"column":2},"end":{"line":3,"column":21}},"2":{"start":{"line":4,"column":2},"end":{"line":4,"column":21}},"3":{"start":{"line":7,"column":0},"end":{"line":25,"column":2}},"4":{"start":{"line":8,"column":2},"end":{"line":24,"column":3}},"5":{"start":{"line":13,"column":4},"end":{"line":13,"column":28}},"6":{"start":{"line":14,"column":9},"end":{"line":24,"column":3}},"7":{"start":{"line":19,"column":4},"end":{"line":19,"column":30}},"8":{"start":{"line":20,"column":9},"end":{"line":24,"column":3}},"9":{"start":{"line":21,"column":4},"end":{"line":21,"column":34}},"10":{"start":{"line":23,"column":4},"end":{"line":23,"column":32}}},"fnMap":{"0":{"name":"Triangle","decl":{"start":{"line":1,"column":24},"end":{"line":1,"column":32}},"loc":{"start":{"line":1,"column":54},"end":{"line":5,"column":1}},"line":1},"1":{"name":"(anonymous_1)","decl":{"start":{"line":7,"column":31},"end":{"line":7,"column":32}},"loc":{"start":{"line":7,"column":43},"end":{"line":25,"column":1}},"line":7}},"branchMap":{"0":{"loc":{"start":{"line":8,"column":2},"end":{"line":24,"column":3}},"type":"if","locations":[{"start":{"line":8,"column":2},"end":{"line":24,"column":3}},{"start":{"line":8,"column":2},"end":{"line":24,"column":3}}],"line":8},"1":{"loc":{"start":{"line":9,"column":4},"end":{"line":11,"column":40}},"type":"binary-expr","locations":[{"start":{"line":9,"column":4},"end":{"line":9,"column":40}},{"start":{"line":10,"column":4},"end":{"line":10,"column":40}},{"start":{"line":11,"column":4},"end":{"line":11,"column":40}}],"line":9},"2":{"loc":{"start":{"line":14,"column":9},"end":{"line":24,"column":3}},"type":"if","locations":[{"start":{"line":14,"column":9},"end":{"line":24,"column":3}},{"start":{"line":14,"column":9},"end":{"line":24,"column":3}}],"line":14},"3":{"loc":{"start":{"line":15,"column":4},"end":{"line":17,"column":29}},"type":"binary-expr","locations":[{"start":{"line":15,"column":4},"end":{"line":15,"column":29}},{"start":{"line":16,"column":4},"end":{"line":16,"column":29}},{"start":{"line":17,"column":4},"end":{"line":17,"column":29}}],"line":15},"4":{"loc":{"start":{"line":20,"column":9},"end":{"line":24,"column":3}},"type":"if","locations":[{"start":{"line":20,"column":9},"end":{"line":24,"column":3}},{"start":{"line":20,"column":9},"end":{"line":24,"column":3}}],"line":20},"5":{"loc":{"start":{"line":20,"column":13},"end":{"line":20,"column":67}},"type":"binary-expr","locations":[{"start":{"line":20,"column":13},"end":{"line":20,"column":38}},{"start":{"line":20,"column":42},"end":{"line":20,"column":67}}],"line":20}},"s":{"0":11,"1":11,"2":11,"3":1,"4":4,"5":1,"6":3,"7":1,"8":2,"9":1,"10":1},"f":{"0":11,"1":4},"b":{"0":[1,3],"1":[4,4,4],"2":[1,2],"3":[3,1,1],"4":[1,1],"5":[2,2]},"_coverageSchema":"43e27e138ebf9cfc5966b082cf9a028302ed4184","hash":"df16e68443477456e1a097ffd1b8dd04550a91fc"}
}
